Mono path[0] = '/Users/admin/Desktop/TicTacToe_TrainGp2_v5.app/Contents/Resources/Data/Managed'
Mono config path = '/Users/admin/Desktop/TicTacToe_TrainGp2_v5.app/Contents/MonoBleedingEdge/etc'
Found 1 interfaces on host : 0) 192.168.1.7
Player connection [140704547637184] Multi-casting "[IP] 192.168.1.7 [Port] 55000 [Flags] 2 [Guid] 1205848580 [EditorId] 3089453012 [Version] 1048832 [Id] OSXPlayer(1,admins-MacBook-Pro.local) [Debug] 0 [PackageName] OSXPlayer [ProjectName] GameDev_Nanyka_2D" to [225.0.0.222:54997]...

[Physics::Module] Initialized MultithreadedJobDispatcher with 7 workers.
New input system (experimental) initialized
Initialize engine version: 2022.3.17f1 (4fc78088f837)
[Subsystems] Discovering subsystems at path /Users/admin/Desktop/TicTacToe_TrainGp2_v5.app/Contents/Resources/Data/UnitySubsystems
Forcing GfxDevice: Null
GfxDevice: creating device client; threaded=0; jobified=0
NullGfxDevice:
    Version:  NULL 1.0 [1.0]
    Renderer: Null Device
    Vendor:   Unity Technologies
Begin MonoManager ReloadAssembly
Symbol file LoadedFromMemory is not a mono symbol file
Symbol file LoadedFromMemory is not a mono symbol file
- Loaded All Assemblies, in  0.293 seconds
- Finished resetting the current domain, in  0.002 seconds
ERROR: Shader Sprites/Default shader is not supported on this GPU (none of subshaders/fallbacks are suitable)
ERROR: Shader Sprites/Mask shader is not supported on this GPU (none of subshaders/fallbacks are suitable)
ERROR: Shader GUI/Text Shader shader is not supported on this GPU (none of subshaders/fallbacks are suitable)
ERROR: Shader TextMeshPro/Mobile/Distance Field shader is not supported on this GPU (none of subshaders/fallbacks are suitable)
UnloadTime: 1.254140 ms
Registered Communicator in Agent.
UnityEngine.StackTraceUtility:ExtractStackTrace () (at /Users/bokken/build/output/unity/unity/Runtime/Export/Scripting/StackTrace.cs:37)
UnityEngine.DebugLogHandler:LogFormat (UnityEngine.LogType,UnityEngine.Object,string,object[])
UnityEngine.Logger:Log (UnityEngine.LogType,object)
UnityEngine.Debug:Log (object)
Unity.MLAgents.Agent:Awake () (at ./Library/PackageCache/com.unity.ml-agents@a66ffbf062/Runtime/Agent.cs:373)

(Filename: ./Library/PackageCache/com.unity.ml-agents@a66ffbf062/Runtime/Agent.cs Line: 373)

ERROR: Shader TextMeshPro/Sprite shader is not supported on this GPU (none of subshaders/fallbacks are suitable)
